d:\workspaces\pmpg\recovery\acgm_raytracer\x64\release\gtest.pdb
d:\workspaces\pmpg\recovery\acgm_raytracer\x64\release\gtest_main.pdb
d:\workspaces\pmpg\recovery\acgm_raytracer\acgm_raytracer_lib\x64\release\acgm_raytracer_lib.pdb
d:\workspaces\pmpg\recovery\acgm_raytracer\acgm_raytracer_lib\x64\release\sunlight.obj
d:\workspaces\pmpg\recovery\acgm_raytracer\acgm_raytracer_lib\x64\release\spotlight.obj
d:\workspaces\pmpg\recovery\acgm_raytracer\acgm_raytracer_lib\x64\release\sphere.obj
d:\workspaces\pmpg\recovery\acgm_raytracer\acgm_raytracer_lib\x64\release\shader.obj
d:\workspaces\pmpg\recovery\acgm_raytracer\acgm_raytracer_lib\x64\release\ray.obj
d:\workspaces\pmpg\recovery\acgm_raytracer\acgm_raytracer_lib\x64\release\pointlight.obj
d:\workspaces\pmpg\recovery\acgm_raytracer\acgm_raytracer_lib\x64\release\plane.obj
d:\workspaces\pmpg\recovery\acgm_raytracer\acgm_raytracer_lib\x64\release\phongshader.obj
d:\workspaces\pmpg\recovery\acgm_raytracer\acgm_raytracer_lib\x64\release\model.obj
d:\workspaces\pmpg\recovery\acgm_raytracer\acgm_raytracer_lib\x64\release\mesh.obj
d:\workspaces\pmpg\recovery\acgm_raytracer\acgm_raytracer_lib\x64\release\light.obj
d:\workspaces\pmpg\recovery\acgm_raytracer\acgm_raytracer_lib\x64\release\hitresult.obj
d:\workspaces\pmpg\recovery\acgm_raytracer\acgm_raytracer_lib\x64\release\checkershader.obj
d:\workspaces\pmpg\recovery\acgm_raytracer\acgm_raytracer_lib\x64\release\camera.obj
d:\workspaces\pmpg\recovery\acgm_raytracer\acgm_raytracer_lib\x64\release\scene.obj
d:\workspaces\pmpg\recovery\acgm_raytracer\acgm_raytracer_lib\x64\release\acgm_ray.4e86aa7a.tlog\acgm_raytracer_lib.write.1u.tlog
d:\workspaces\pmpg\recovery\acgm_raytracer\acgm_raytracer_lib\x64\release\acgm_ray.4e86aa7a.tlog\cl.command.1.tlog
d:\workspaces\pmpg\recovery\acgm_raytracer\acgm_raytracer_lib\x64\release\acgm_ray.4e86aa7a.tlog\cl.read.1.tlog
d:\workspaces\pmpg\recovery\acgm_raytracer\acgm_raytracer_lib\x64\release\acgm_ray.4e86aa7a.tlog\cl.write.1.tlog
