d:\workspaces\pmpg\acgm_raytracer\x64\debug\gtest.pdb
d:\workspaces\pmpg\acgm_raytracer\x64\debug\gtest_main.pdb
d:\workspaces\pmpg\acgm_raytracer\acgm_raytracer_lib\x64\debug\acgm_raytracer_lib.pdb
d:\workspaces\pmpg\acgm_raytracer\acgm_raytracer_lib\x64\debug\acgm_raytracer_lib.idb
d:\workspaces\pmpg\acgm_raytracer\acgm_raytracer_lib\x64\debug\sunlight.obj
d:\workspaces\pmpg\acgm_raytracer\acgm_raytracer_lib\x64\debug\spotlight.obj
d:\workspaces\pmpg\acgm_raytracer\acgm_raytracer_lib\x64\debug\sphere.obj
d:\workspaces\pmpg\acgm_raytracer\acgm_raytracer_lib\x64\debug\shader.obj
d:\workspaces\pmpg\acgm_raytracer\acgm_raytracer_lib\x64\debug\sceneimporter.obj
d:\workspaces\pmpg\acgm_raytracer\acgm_raytracer_lib\x64\debug\scene.obj
d:\workspaces\pmpg\acgm_raytracer\acgm_raytracer_lib\x64\debug\ray.obj
d:\workspaces\pmpg\acgm_raytracer\acgm_raytracer_lib\x64\debug\pointlight.obj
d:\workspaces\pmpg\acgm_raytracer\acgm_raytracer_lib\x64\debug\plane.obj
d:\workspaces\pmpg\acgm_raytracer\acgm_raytracer_lib\x64\debug\phongshader.obj
d:\workspaces\pmpg\acgm_raytracer\acgm_raytracer_lib\x64\debug\model.obj
d:\workspaces\pmpg\acgm_raytracer\acgm_raytracer_lib\x64\debug\mesh.obj
d:\workspaces\pmpg\acgm_raytracer\acgm_raytracer_lib\x64\debug\light.obj
d:\workspaces\pmpg\acgm_raytracer\acgm_raytracer_lib\x64\debug\image.obj
d:\workspaces\pmpg\acgm_raytracer\acgm_raytracer_lib\x64\debug\hitresult.obj
d:\workspaces\pmpg\acgm_raytracer\acgm_raytracer_lib\x64\debug\checkershader.obj
d:\workspaces\pmpg\acgm_raytracer\acgm_raytracer_lib\x64\debug\camera.obj
d:\workspaces\pmpg\acgm_raytracer\x64\debug\acgm_raytracer_lib.lib
d:\workspaces\pmpg\acgm_raytracer\x64\debug\acgm_raytracer_lib.pdb
d:\workspaces\pmpg\acgm_raytracer\acgm_raytracer_lib\x64\debug\acgm_ray.4e86aa7a.tlog\acgm_raytracer_lib.write.1u.tlog
d:\workspaces\pmpg\acgm_raytracer\acgm_raytracer_lib\x64\debug\acgm_ray.4e86aa7a.tlog\cl.command.1.tlog
d:\workspaces\pmpg\acgm_raytracer\acgm_raytracer_lib\x64\debug\acgm_ray.4e86aa7a.tlog\cl.read.1.tlog
d:\workspaces\pmpg\acgm_raytracer\acgm_raytracer_lib\x64\debug\acgm_ray.4e86aa7a.tlog\cl.write.1.tlog
d:\workspaces\pmpg\acgm_raytracer\acgm_raytracer_lib\x64\debug\acgm_ray.4e86aa7a.tlog\lib-link.read.1.tlog
d:\workspaces\pmpg\acgm_raytracer\acgm_raytracer_lib\x64\debug\acgm_ray.4e86aa7a.tlog\lib-link.write.1.tlog
d:\workspaces\pmpg\acgm_raytracer\acgm_raytracer_lib\x64\debug\acgm_ray.4e86aa7a.tlog\lib.command.1.tlog
